<?xml version="1.0" encoding="UTF-8"?>
<!-- Generated by org.testng.reporters.JUnitReportReporter -->
<testsuite skipped="0" hostname="DESKTOP-E7N0R4T" name="com.testng.execution.Runner" tests="1" failures="0" timestamp="05 Jan 2018 06:34:14 GMT" time="24.392" errors="0">
  <testcase name="register" time="24.392" classname="com.testng.execution.Runner"/>
</testsuite> <!-- com.testng.execution.Runner -->
