<?xml version="1.0" encoding="UTF-8"?>
<!-- Generated by org.testng.reporters.JUnitReportReporter -->
<testsuite skipped="0" hostname="DESKTOP-E7N0R4T" name="com.testng.execution.webrunner" tests="1" failures="0" timestamp="05 Jan 2018 07:24:20 GMT" time="13.785" errors="0">
  <testcase name="Register" time="13.785" classname="com.testng.execution.webrunner"/>
</testsuite> <!-- com.testng.execution.webrunner -->
